<?xml version="1.0" encoding="utf-8" standalone="no"?>
<!--This file represents the results of running a test suite-->
<test-results name="D:\AkhilMittal\Articles and Blogs\WebAPI\7\sourcecode\WebApi\WebAPI.nunit" total="10" errors="0" failures="0" not-run="0" inconclusive="0" ignored="0" skipped="0" invalid="0" date="2016-02-24" time="14:10:06">
  <environment nunit-version="2.6.4.14350" clr-version="2.0.50727.5485" os-version="Microsoft Windows NT 6.1.7601 Service Pack 1" platform="Win32NT" cwd="C:\Program Files (x86)\NUnit 2.6.4\bin" machine-name="69B5ZR1" user="akhil.mittal" user-domain="MAGICSW" />
  <culture-info current-culture="en-US" current-uiculture="en-US" />
  <test-suite type="Project" name="D:\AkhilMittal\Articles and Blogs\WebAPI\7\sourcecode\WebApi\WebAPI.nunit" executed="True" result="Success" success="True" time="1.728" asserts="0">
    <results>
      <test-suite type="Assembly" name="D:\AkhilMittal\Articles and Blogs\WebAPI\7\sourcecode\WebApi\BusinessServices.Tests\bin\Debug\BusinessServices.Tests.dll" executed="True" result="Success" success="True" time="1.720" asserts="0">
        <results>
          <test-suite type="Namespace" name="BusinessServices" executed="True" result="Success" success="True" time="1.719" asserts="0">
            <results>
              <test-suite type="Namespace" name="Tests" executed="True" result="Success" success="True" time="1.719" asserts="0">
                <results>
                  <test-suite type="TestFixture" name="ProductServicesTest" executed="True" result="Success" success="True" time="1.677" asserts="0">
                    <results>
                      <test-case name="BusinessServices.Tests.ProductServicesTest.AddNewProductTest" executed="True" result="Success" success="True" time="1.272" asserts="1" />
                      <test-case name="BusinessServices.Tests.ProductServicesTest.DeleteProductTest" executed="True" result="Success" success="True" time="0.009" asserts="1" />
                      <test-case name="BusinessServices.Tests.ProductServicesTest.GetAllProductsTest" executed="True" result="Success" success="True" time="0.308" asserts="1" />
                      <test-case name="BusinessServices.Tests.ProductServicesTest.GetAllProductsTestForNull" executed="True" result="Success" success="True" time="0.004" asserts="1" />
                      <test-case name="BusinessServices.Tests.ProductServicesTest.GetProductByRightIdTest" executed="True" result="Success" success="True" time="0.007" asserts="0" />
                      <test-case name="BusinessServices.Tests.ProductServicesTest.GetProductByWrongIdTest" executed="True" result="Success" success="True" time="0.003" asserts="1" />
                      <test-case name="BusinessServices.Tests.ProductServicesTest.UpdateProductTest" executed="True" result="Success" success="True" time="0.004" asserts="2" />
                    </results>
                  </test-suite>
                  <test-suite type="TestFixture" name="TokenServicesTest" executed="True" result="Success" success="True" time="0.039" asserts="0">
                    <results>
                      <test-case name="BusinessServices.Tests.TokenServicesTest.GenerateTokenByUserIdTest" executed="True" result="Success" success="True" time="0.022" asserts="0" />
                      <test-case name="BusinessServices.Tests.TokenServicesTest.ValidateTokenWithRightAuthToken" executed="True" result="Success" success="True" time="0.006" asserts="1" />
                      <test-case name="BusinessServices.Tests.TokenServicesTest.ValidateTokenWithWrongAuthToken" executed="True" result="Success" success="True" time="0.004" asserts="1" />
                    </results>
                  </test-suite>
                </results>
              </test-suite>
            </results>
          </test-suite>
        </results>
      </test-suite>
    </results>
  </test-suite>
</test-results>