<?xml version="1.0" encoding="utf-8" standalone="no"?>
<!--This file represents the results of running a test suite-->
<test-results name="D:\AkhilMittal\Articles and Blogs\WebAPI\7\sourcecode\WebApi\WebAPI.nunit" total="17" errors="0" failures="0" not-run="0" inconclusive="0" ignored="0" skipped="0" invalid="0" date="2016-02-18" time="15:51:11">
  <environment nunit-version="2.6.4.14350" clr-version="2.0.50727.5485" os-version="Microsoft Windows NT 6.1.7601 Service Pack 1" platform="Win32NT" cwd="C:\Program Files (x86)\NUnit 2.6.4\bin" machine-name="69B5ZR1" user="akhil.mittal" user-domain="MAGICSW" />
  <culture-info current-culture="en-US" current-uiculture="en-US" />
  <test-suite type="Project" name="D:\AkhilMittal\Articles and Blogs\WebAPI\7\sourcecode\WebApi\WebAPI.nunit" executed="True" result="Success" success="True" time="2.254" asserts="0">
    <results>
      <test-suite type="Assembly" name="D:\AkhilMittal\Articles and Blogs\WebAPI\7\sourcecode\WebApi\BusinessServices.Tests\bin\Debug\BusinessServices.Tests.dll" executed="True" result="Success" success="True" time="1.692" asserts="0">
        <results>
          <test-suite type="Namespace" name="BusinessServices" executed="True" result="Success" success="True" time="1.692" asserts="0">
            <results>
              <test-suite type="Namespace" name="Tests" executed="True" result="Success" success="True" time="1.691" asserts="0">
                <results>
                  <test-suite type="TestFixture" name="ProductServicesTest" executed="True" result="Success" success="True" time="1.648" asserts="0">
                    <results>
                      <test-case name="BusinessServices.Tests.ProductServicesTest.AddNewProductTest" executed="True" result="Success" success="True" time="1.226" asserts="1" />
                      <test-case name="BusinessServices.Tests.ProductServicesTest.DeleteProductTest" executed="True" result="Success" success="True" time="0.009" asserts="1" />
                      <test-case name="BusinessServices.Tests.ProductServicesTest.GetAllProductsTest" executed="True" result="Success" success="True" time="0.303" asserts="1" />
                      <test-case name="BusinessServices.Tests.ProductServicesTest.GetProductByRightIdTest" executed="True" result="Success" success="True" time="0.008" asserts="0" />
                      <test-case name="BusinessServices.Tests.ProductServicesTest.UpdateProductTest" executed="True" result="Success" success="True" time="0.004" asserts="1" />
                    </results>
                  </test-suite>
                  <test-suite type="TestFixture" name="TokenServicesTest" executed="True" result="Success" success="True" time="0.039" asserts="0">
                    <results>
                      <test-case name="BusinessServices.Tests.TokenServicesTest.GenerateTokenByUserIdTest" executed="True" result="Success" success="True" time="0.023" asserts="0" />
                      <test-case name="BusinessServices.Tests.TokenServicesTest.ValidateTokenWithRightAuthToken" executed="True" result="Success" success="True" time="0.006" asserts="1" />
                      <test-case name="BusinessServices.Tests.TokenServicesTest.ValidateTokenWithWrongAuthToken" executed="True" result="Success" success="True" time="0.004" asserts="1" />
                    </results>
                  </test-suite>
                </results>
              </test-suite>
            </results>
          </test-suite>
        </results>
      </test-suite>
      <test-suite type="Assembly" name="D:\AkhilMittal\Articles and Blogs\WebAPI\7\sourcecode\WebApi\ApiController.Tests\bin\Debug\ApiController.Tests.dll" executed="True" result="Success" success="True" time="0.547" asserts="0">
        <results>
          <test-suite type="Namespace" name="ApiController" executed="True" result="Success" success="True" time="0.547" asserts="0">
            <results>
              <test-suite type="Namespace" name="Tests" executed="True" result="Success" success="True" time="0.547" asserts="0">
                <results>
                  <test-suite type="TestFixture" name="ProductControllerTest" executed="True" result="Success" success="True" time="0.546" asserts="0">
                    <results>
                      <test-case name="ApiController.Tests.ProductControllerTest.CreateProductTest" executed="True" result="Success" success="True" time="0.125" asserts="1" />
                      <test-case name="ApiController.Tests.ProductControllerTest.DeleteProductInvalidIdTest" executed="True" result="Success" success="True" time="0.003" asserts="3" />
                      <test-case name="ApiController.Tests.ProductControllerTest.DeleteProductTest" executed="True" result="Success" success="True" time="0.002" asserts="1" />
                      <test-case name="ApiController.Tests.ProductControllerTest.DeleteProductWrongIdTest" executed="True" result="Success" success="True" time="0.003" asserts="3" />
                      <test-case name="ApiController.Tests.ProductControllerTest.GetAllProductsTest" executed="True" result="Success" success="True" time="0.336" asserts="3" />
                      <test-case name="ApiController.Tests.ProductControllerTest.GetProductByIdTest" executed="True" result="Success" success="True" time="0.003" asserts="1" />
                      <test-case name="ApiController.Tests.ProductControllerTest.GetProductByInvalidIdTest" executed="True" result="Success" success="True" time="0.001" asserts="3" />
                      <test-case name="ApiController.Tests.ProductControllerTest.GetProductByWrongIdTest" executed="True" result="Success" success="True" time="0.001" asserts="3" />
                      <test-case name="ApiController.Tests.ProductControllerTest.UpdateProductTest" executed="True" result="Success" success="True" time="0.001" asserts="1" />
                    </results>
                  </test-suite>
                </results>
              </test-suite>
            </results>
          </test-suite>
        </results>
      </test-suite>
    </results>
  </test-suite>
</test-results>